2025-07-29 23:47:08,726 - db_helper -INFO - Successfully Connected with the database
2025-07-29 23:48:16,174 - db_helper -INFO - Fetching the data from the database between the dates
2025-07-29 23:48:16,210 - db_helper -INFO - Successfully Connected with the database
2025-07-29 23:48:16,210 - db_helper -INFO - Successfully Created Cursor
2025-07-29 23:48:16,211 - db_helper -INFO - Successfully Fetched the data from the database between the dates
2025-07-29 23:48:16,211 - db_helper -INFO - Successfully Closed the Cursor
2025-07-29 23:48:16,212 - db_helper -INFO - Successfully closed the connection with the database
2025-07-29 23:48:58,880 - db_helper -INFO - Fetching the data from the database between the dates
2025-07-29 23:48:58,906 - db_helper -INFO - Successfully Connected with the database
2025-07-29 23:48:58,906 - db_helper -INFO - Successfully Created Cursor
2025-07-29 23:48:58,907 - db_helper -INFO - Successfully Fetched the data from the database between the dates
2025-07-29 23:48:58,907 - db_helper -INFO - Successfully Closed the Cursor
2025-07-29 23:48:58,907 - db_helper -INFO - Successfully closed the connection with the database
2025-07-30 13:43:15,672 - db_helper -INFO - Fetching the data from the database between the dates
2025-07-30 13:43:15,735 - db_helper -INFO - Successfully Connected with the database
2025-07-30 13:43:15,735 - db_helper -INFO - Successfully Created Cursor
2025-07-30 13:43:15,753 - db_helper -INFO - Successfully Fetched the data from the database between the dates
2025-07-30 13:43:15,753 - db_helper -INFO - Successfully Closed the Cursor
2025-07-30 13:43:15,753 - db_helper -INFO - Successfully closed the connection with the database
2025-07-30 14:54:44,615 - db_helper -INFO - Started Fetching the data using date
2025-07-30 14:54:44,664 - db_helper -INFO - Successfully Connected with the database
2025-07-30 14:54:44,665 - db_helper -INFO - Successfully Created Cursor
2025-07-30 14:54:44,669 - db_helper -INFO - Successful Fetching the data using date
2025-07-30 14:54:44,669 - db_helper -INFO - Successfully Closed the Cursor
2025-07-30 14:54:44,669 - db_helper -INFO - Successfully closed the connection with the database
2025-07-30 15:13:12,087 - db_helper -INFO - Started Fetching the data using date
2025-07-30 15:13:12,104 - db_helper -INFO - Successfully Connected with the database
2025-07-30 15:13:12,104 - db_helper -INFO - Successfully Created Cursor
2025-07-30 15:13:12,106 - db_helper -INFO - Successful Fetching the data using date
2025-07-30 15:13:12,106 - db_helper -INFO - Successfully Closed the Cursor
2025-07-30 15:13:12,106 - db_helper -INFO - Successfully closed the connection with the database
2025-07-30 15:14:28,250 - db_helper -INFO - Started Fetching the data using date
2025-07-30 15:14:28,256 - db_helper -INFO - Successfully Connected with the database
2025-07-30 15:14:28,256 - db_helper -INFO - Successfully Created Cursor
2025-07-30 15:14:28,257 - db_helper -INFO - Successful Fetching the data using date
2025-07-30 15:14:28,257 - db_helper -INFO - Successfully Closed the Cursor
2025-07-30 15:14:28,257 - db_helper -INFO - Successfully closed the connection with the database
2025-07-30 15:14:31,080 - db_helper -INFO - Started Fetching the data using date
2025-07-30 15:14:31,090 - db_helper -INFO - Successfully Connected with the database
2025-07-30 15:14:31,090 - db_helper -INFO - Successfully Created Cursor
2025-07-30 15:14:31,091 - db_helper -INFO - Successful Fetching the data using date
2025-07-30 15:14:31,091 - db_helper -INFO - Successfully Closed the Cursor
2025-07-30 15:14:31,091 - db_helper -INFO - Successfully closed the connection with the database
2025-07-30 15:14:34,480 - db_helper -INFO - Started Fetching the data using date
2025-07-30 15:14:34,487 - db_helper -INFO - Successfully Connected with the database
2025-07-30 15:14:34,487 - db_helper -INFO - Successfully Created Cursor
2025-07-30 15:14:34,488 - db_helper -INFO - Successful Fetching the data using date
2025-07-30 15:14:34,488 - db_helper -INFO - Successfully Closed the Cursor
2025-07-30 15:14:34,488 - db_helper -INFO - Successfully closed the connection with the database
2025-07-30 15:14:55,291 - db_helper -INFO - Started Fetching the data using date
2025-07-30 15:14:55,299 - db_helper -INFO - Successfully Connected with the database
2025-07-30 15:14:55,300 - db_helper -INFO - Successfully Created Cursor
2025-07-30 15:14:55,301 - db_helper -INFO - Successful Fetching the data using date
2025-07-30 15:14:55,301 - db_helper -INFO - Successfully Closed the Cursor
2025-07-30 15:14:55,301 - db_helper -INFO - Successfully closed the connection with the database
2025-07-30 15:16:38,101 - db_helper -INFO - Started Fetching the data using date
2025-07-30 15:16:38,111 - db_helper -INFO - Successfully Connected with the database
2025-07-30 15:16:38,112 - db_helper -INFO - Successfully Created Cursor
2025-07-30 15:16:38,112 - db_helper -INFO - Successful Fetching the data using date
2025-07-30 15:16:38,112 - db_helper -INFO - Successfully Closed the Cursor
2025-07-30 15:16:38,113 - db_helper -INFO - Successfully closed the connection with the database
2025-07-30 15:16:45,010 - db_helper -INFO - Started Fetching the data using date
2025-07-30 15:16:45,017 - db_helper -INFO - Successfully Connected with the database
2025-07-30 15:16:45,017 - db_helper -INFO - Successfully Created Cursor
2025-07-30 15:16:45,018 - db_helper -INFO - Successful Fetching the data using date
2025-07-30 15:16:45,018 - db_helper -INFO - Successfully Closed the Cursor
2025-07-30 15:16:45,018 - db_helper -INFO - Successfully closed the connection with the database
2025-07-30 15:16:46,448 - db_helper -INFO - Started Fetching the data using date
2025-07-30 15:16:46,455 - db_helper -INFO - Successfully Connected with the database
2025-07-30 15:16:46,455 - db_helper -INFO - Successfully Created Cursor
2025-07-30 15:16:46,456 - db_helper -INFO - Successful Fetching the data using date
2025-07-30 15:16:46,456 - db_helper -INFO - Successfully Closed the Cursor
2025-07-30 15:16:46,456 - db_helper -INFO - Successfully closed the connection with the database
2025-07-30 15:16:47,101 - db_helper -INFO - Started Fetching the data using date
2025-07-30 15:16:47,108 - db_helper -INFO - Successfully Connected with the database
2025-07-30 15:16:47,109 - db_helper -INFO - Successfully Created Cursor
2025-07-30 15:16:47,110 - db_helper -INFO - Successful Fetching the data using date
2025-07-30 15:16:47,110 - db_helper -INFO - Successfully Closed the Cursor
2025-07-30 15:16:47,110 - db_helper -INFO - Successfully closed the connection with the database
2025-07-30 15:19:24,478 - db_helper -INFO - Started Fetching the data using date
2025-07-30 15:19:24,489 - db_helper -INFO - Successfully Connected with the database
2025-07-30 15:19:24,489 - db_helper -INFO - Successfully Created Cursor
2025-07-30 15:19:24,490 - db_helper -INFO - Successful Fetching the data using date
2025-07-30 15:19:24,490 - db_helper -INFO - Successfully Closed the Cursor
2025-07-30 15:19:24,490 - db_helper -INFO - Successfully closed the connection with the database
2025-07-30 15:24:06,411 - db_helper -INFO - Started Fetching the data using date
2025-07-30 15:24:06,428 - db_helper -INFO - Successfully Connected with the database
2025-07-30 15:24:06,428 - db_helper -INFO - Successfully Created Cursor
2025-07-30 15:24:06,430 - db_helper -INFO - Successful Fetching the data using date
2025-07-30 15:24:06,430 - db_helper -INFO - Successfully Closed the Cursor
2025-07-30 15:24:06,431 - db_helper -INFO - Successfully closed the connection with the database
2025-07-30 15:34:00,862 - db_helper -INFO - Started Fetching the data using date
2025-07-30 15:34:00,873 - db_helper -INFO - Successfully Connected with the database
2025-07-30 15:34:00,873 - db_helper -INFO - Successfully Created Cursor
2025-07-30 15:34:00,874 - db_helper -INFO - Successful Fetching the data using date
2025-07-30 15:34:00,874 - db_helper -INFO - Successfully Closed the Cursor
2025-07-30 15:34:00,874 - db_helper -INFO - Successfully closed the connection with the database
2025-07-30 15:37:06,445 - db_helper -INFO - Started Fetching the data using date
2025-07-30 15:37:06,454 - db_helper -INFO - Successfully Connected with the database
2025-07-30 15:37:06,455 - db_helper -INFO - Successfully Created Cursor
2025-07-30 15:37:06,455 - db_helper -INFO - Successful Fetching the data using date
2025-07-30 15:37:06,455 - db_helper -INFO - Successfully Closed the Cursor
2025-07-30 15:37:06,456 - db_helper -INFO - Successfully closed the connection with the database
2025-07-30 15:37:21,054 - db_helper -INFO - Started Fetching the data using date
2025-07-30 15:37:21,065 - db_helper -INFO - Successfully Connected with the database
2025-07-30 15:37:21,066 - db_helper -INFO - Successfully Created Cursor
2025-07-30 15:37:21,067 - db_helper -INFO - Successful Fetching the data using date
2025-07-30 15:37:21,067 - db_helper -INFO - Successfully Closed the Cursor
2025-07-30 15:37:21,067 - db_helper -INFO - Successfully closed the connection with the database
2025-07-30 15:49:56,092 - db_helper -INFO - Started Fetching the data using date
2025-07-30 15:49:56,098 - db_helper -INFO - Successfully Connected with the database
2025-07-30 15:49:56,098 - db_helper -INFO - Successfully Created Cursor
2025-07-30 15:49:56,098 - db_helper -INFO - Successful Fetching the data using date
2025-07-30 15:49:56,099 - db_helper -INFO - Successfully Closed the Cursor
2025-07-30 15:49:56,099 - db_helper -INFO - Successfully closed the connection with the database
2025-07-30 15:49:57,921 - db_helper -INFO - Started Fetching the data using date
2025-07-30 15:49:57,928 - db_helper -INFO - Successfully Connected with the database
2025-07-30 15:49:57,928 - db_helper -INFO - Successfully Created Cursor
2025-07-30 15:49:57,929 - db_helper -INFO - Successful Fetching the data using date
2025-07-30 15:49:57,929 - db_helper -INFO - Successfully Closed the Cursor
2025-07-30 15:49:57,929 - db_helper -INFO - Successfully closed the connection with the database
2025-07-30 15:49:59,198 - db_helper -INFO - Started Fetching the data using date
2025-07-30 15:49:59,209 - db_helper -INFO - Successfully Connected with the database
2025-07-30 15:49:59,209 - db_helper -INFO - Successfully Created Cursor
2025-07-30 15:49:59,210 - db_helper -INFO - Successful Fetching the data using date
2025-07-30 15:49:59,210 - db_helper -INFO - Successfully Closed the Cursor
2025-07-30 15:49:59,210 - db_helper -INFO - Successfully closed the connection with the database
2025-07-30 15:50:02,905 - db_helper -INFO - Started Fetching the data using date
2025-07-30 15:50:02,914 - db_helper -INFO - Successfully Connected with the database
2025-07-30 15:50:02,914 - db_helper -INFO - Successfully Created Cursor
2025-07-30 15:50:02,915 - db_helper -INFO - Successful Fetching the data using date
2025-07-30 15:50:02,915 - db_helper -INFO - Successfully Closed the Cursor
2025-07-30 15:50:02,915 - db_helper -INFO - Successfully closed the connection with the database
2025-07-30 15:50:04,431 - db_helper -INFO - Started Fetching the data using date
2025-07-30 15:50:04,442 - db_helper -INFO - Successfully Connected with the database
2025-07-30 15:50:04,442 - db_helper -INFO - Successfully Created Cursor
2025-07-30 15:50:04,443 - db_helper -INFO - Successful Fetching the data using date
2025-07-30 15:50:04,443 - db_helper -INFO - Successfully Closed the Cursor
2025-07-30 15:50:04,443 - db_helper -INFO - Successfully closed the connection with the database
2025-07-30 15:51:29,335 - db_helper -INFO - Started Fetching the data using date
2025-07-30 15:51:29,346 - db_helper -INFO - Successfully Connected with the database
2025-07-30 15:51:29,346 - db_helper -INFO - Successfully Created Cursor
2025-07-30 15:51:29,347 - db_helper -INFO - Successful Fetching the data using date
2025-07-30 15:51:29,347 - db_helper -INFO - Successfully Closed the Cursor
2025-07-30 15:51:29,348 - db_helper -INFO - Successfully closed the connection with the database
2025-07-30 15:52:35,489 - db_helper -INFO - Started Fetching the data using date
2025-07-30 15:52:35,497 - db_helper -INFO - Successfully Connected with the database
2025-07-30 15:52:35,497 - db_helper -INFO - Successfully Created Cursor
2025-07-30 15:52:35,498 - db_helper -INFO - Successful Fetching the data using date
2025-07-30 15:52:35,498 - db_helper -INFO - Successfully Closed the Cursor
2025-07-30 15:52:35,498 - db_helper -INFO - Successfully closed the connection with the database
2025-07-30 16:07:46,322 - db_helper -INFO - Started Fetching the data using date
2025-07-30 16:07:46,331 - db_helper -INFO - Successfully Connected with the database
2025-07-30 16:07:46,332 - db_helper -INFO - Successfully Created Cursor
2025-07-30 16:07:46,334 - db_helper -INFO - Successful Fetching the data using date
2025-07-30 16:07:46,334 - db_helper -INFO - Successfully Closed the Cursor
2025-07-30 16:07:46,334 - db_helper -INFO - Successfully closed the connection with the database
2025-07-30 16:07:51,429 - db_helper -INFO - Started Fetching the data using date
2025-07-30 16:07:51,436 - db_helper -INFO - Successfully Connected with the database
2025-07-30 16:07:51,436 - db_helper -INFO - Successfully Created Cursor
2025-07-30 16:07:51,438 - db_helper -INFO - Successful Fetching the data using date
2025-07-30 16:07:51,438 - db_helper -INFO - Successfully Closed the Cursor
2025-07-30 16:07:51,438 - db_helper -INFO - Successfully closed the connection with the database
2025-07-30 16:07:52,197 - db_helper -INFO - Started Fetching the data using date
2025-07-30 16:07:52,206 - db_helper -INFO - Successfully Connected with the database
2025-07-30 16:07:52,206 - db_helper -INFO - Successfully Created Cursor
2025-07-30 16:07:52,207 - db_helper -INFO - Successful Fetching the data using date
2025-07-30 16:07:52,207 - db_helper -INFO - Successfully Closed the Cursor
2025-07-30 16:07:52,207 - db_helper -INFO - Successfully closed the connection with the database
2025-07-30 16:07:53,947 - db_helper -INFO - Started Fetching the data using date
2025-07-30 16:07:53,954 - db_helper -INFO - Successfully Connected with the database
2025-07-30 16:07:53,954 - db_helper -INFO - Successfully Created Cursor
2025-07-30 16:07:53,955 - db_helper -INFO - Successful Fetching the data using date
2025-07-30 16:07:53,955 - db_helper -INFO - Successfully Closed the Cursor
2025-07-30 16:07:53,956 - db_helper -INFO - Successfully closed the connection with the database
2025-07-30 16:07:53,971 - db_helper -INFO - Deleting the data from the database with date
2025-07-30 16:07:53,976 - db_helper -INFO - Successfully Connected with the database
2025-07-30 16:07:53,976 - db_helper -INFO - Successfully Created Cursor
2025-07-30 16:07:53,977 - db_helper -INFO - Successfully Deleted the data from the database with date
2025-07-30 16:07:53,979 - db_helper -INFO - Successfully Closed the Cursor
2025-07-30 16:07:53,979 - db_helper -INFO - Successfully closed the connection with the database
2025-07-30 16:07:53,979 - db_helper -INFO - Started Inserting the data into the database
2025-07-30 16:07:53,985 - db_helper -INFO - Successfully Connected with the database
2025-07-30 16:07:53,985 - db_helper -INFO - Successfully Created Cursor
2025-07-30 16:07:53,986 - db_helper -INFO - Successful Inserted the data into the database
2025-07-30 16:07:53,986 - db_helper -INFO - Successfully Closed the Cursor
2025-07-30 16:07:53,986 - db_helper -INFO - Successfully closed the connection with the database
2025-07-30 16:07:53,987 - db_helper -INFO - Started Inserting the data into the database
2025-07-30 16:07:53,995 - db_helper -INFO - Successfully Connected with the database
2025-07-30 16:07:53,995 - db_helper -INFO - Successfully Created Cursor
2025-07-30 16:07:53,996 - db_helper -INFO - Successful Inserted the data into the database
2025-07-30 16:07:53,996 - db_helper -INFO - Successfully Closed the Cursor
2025-07-30 16:07:53,997 - db_helper -INFO - Successfully closed the connection with the database
2025-07-30 16:07:53,997 - db_helper -INFO - Started Inserting the data into the database
2025-07-30 16:07:54,004 - db_helper -INFO - Successfully Connected with the database
2025-07-30 16:07:54,005 - db_helper -INFO - Successfully Created Cursor
2025-07-30 16:07:54,005 - db_helper -INFO - Successful Inserted the data into the database
2025-07-30 16:07:54,006 - db_helper -INFO - Successfully Closed the Cursor
2025-07-30 16:07:54,006 - db_helper -INFO - Successfully closed the connection with the database
2025-07-30 16:07:54,006 - db_helper -INFO - Started Inserting the data into the database
2025-07-30 16:07:54,015 - db_helper -INFO - Successfully Connected with the database
2025-07-30 16:07:54,015 - db_helper -INFO - Successfully Created Cursor
2025-07-30 16:07:54,016 - db_helper -INFO - Successful Inserted the data into the database
2025-07-30 16:07:54,016 - db_helper -INFO - Successfully Closed the Cursor
2025-07-30 16:07:54,016 - db_helper -INFO - Successfully closed the connection with the database
2025-07-30 16:07:54,017 - db_helper -INFO - Started Inserting the data into the database
2025-07-30 16:07:54,024 - db_helper -INFO - Successfully Connected with the database
2025-07-30 16:07:54,024 - db_helper -INFO - Successfully Created Cursor
2025-07-30 16:07:54,025 - db_helper -INFO - Successful Inserted the data into the database
2025-07-30 16:07:54,026 - db_helper -INFO - Successfully Closed the Cursor
2025-07-30 16:07:54,026 - db_helper -INFO - Successfully closed the connection with the database
2025-07-30 16:23:12,392 - db_helper -INFO - Fetching the data from the database between the dates
2025-07-30 16:23:12,405 - db_helper -INFO - Successfully Connected with the database
2025-07-30 16:23:12,406 - db_helper -INFO - Successfully Created Cursor
2025-07-30 16:23:12,407 - db_helper -INFO - Successfully Fetched the data from the database between the dates
2025-07-30 16:23:12,407 - db_helper -INFO - Successfully Closed the Cursor
2025-07-30 16:23:12,407 - db_helper -INFO - Successfully closed the connection with the database
2025-07-30 16:34:50,493 - db_helper -INFO - Fetching the data from the database between the dates
2025-07-30 16:34:50,513 - db_helper -INFO - Successfully Connected with the database
2025-07-30 16:34:50,514 - db_helper -INFO - Successfully Created Cursor
2025-07-30 16:34:50,515 - db_helper -INFO - Successfully Fetched the data from the database between the dates
2025-07-30 16:34:50,515 - db_helper -INFO - Successfully Closed the Cursor
2025-07-30 16:34:50,515 - db_helper -INFO - Successfully closed the connection with the database
2025-07-30 16:43:29,700 - db_helper -INFO - Started Fetching the data using date
2025-07-30 16:43:29,710 - db_helper -INFO - Successfully Connected with the database
2025-07-30 16:43:29,711 - db_helper -INFO - Successfully Created Cursor
2025-07-30 16:43:29,712 - db_helper -INFO - Successful Fetching the data using date
2025-07-30 16:43:29,713 - db_helper -INFO - Successfully Closed the Cursor
2025-07-30 16:43:29,713 - db_helper -INFO - Successfully closed the connection with the database
2025-07-30 16:43:29,727 - db_helper -INFO - Fetching the data from the database between the dates
2025-07-30 16:43:29,733 - db_helper -INFO - Successfully Connected with the database
2025-07-30 16:43:29,734 - db_helper -INFO - Successfully Created Cursor
2025-07-30 16:43:29,735 - db_helper -INFO - Successfully Fetched the data from the database between the dates
2025-07-30 16:43:29,735 - db_helper -INFO - Successfully Closed the Cursor
2025-07-30 16:43:29,735 - db_helper -INFO - Successfully closed the connection with the database
2025-07-30 16:47:04,921 - db_helper -INFO - Started Fetching the data using date
2025-07-30 16:47:04,929 - db_helper -INFO - Successfully Connected with the database
2025-07-30 16:47:04,930 - db_helper -INFO - Successfully Created Cursor
2025-07-30 16:47:04,931 - db_helper -INFO - Successful Fetching the data using date
2025-07-30 16:47:04,931 - db_helper -INFO - Successfully Closed the Cursor
2025-07-30 16:47:04,931 - db_helper -INFO - Successfully closed the connection with the database
2025-07-30 16:47:04,946 - db_helper -INFO - Fetching the data from the database between the dates
2025-07-30 16:47:04,955 - db_helper -INFO - Successfully Connected with the database
2025-07-30 16:47:04,955 - db_helper -INFO - Successfully Created Cursor
2025-07-30 16:47:04,956 - db_helper -INFO - Successfully Fetched the data from the database between the dates
2025-07-30 16:47:04,956 - db_helper -INFO - Successfully Closed the Cursor
2025-07-30 16:47:04,956 - db_helper -INFO - Successfully closed the connection with the database
2025-07-30 17:00:04,402 - db_helper -INFO - Started Fetching the data using date
2025-07-30 17:00:04,426 - db_helper -INFO - Successfully Connected with the database
2025-07-30 17:00:04,426 - db_helper -INFO - Successfully Created Cursor
2025-07-30 17:00:04,427 - db_helper -INFO - Successful Fetching the data using date
2025-07-30 17:00:04,427 - db_helper -INFO - Successfully Closed the Cursor
2025-07-30 17:00:04,427 - db_helper -INFO - Successfully closed the connection with the database
2025-07-30 17:00:06,630 - db_helper -INFO - Fetching the data from the database between the dates
2025-07-30 17:00:06,641 - db_helper -INFO - Successfully Connected with the database
2025-07-30 17:00:06,642 - db_helper -INFO - Successfully Created Cursor
2025-07-30 17:00:06,643 - db_helper -INFO - Successfully Fetched the data from the database between the dates
2025-07-30 17:00:06,643 - db_helper -INFO - Successfully Closed the Cursor
2025-07-30 17:00:06,644 - db_helper -INFO - Successfully closed the connection with the database
2025-07-30 17:06:18,741 - db_helper -INFO - Fetching the data from the database between the dates
2025-07-30 17:06:18,773 - db_helper -INFO - Successfully Connected with the database
2025-07-30 17:06:18,774 - db_helper -INFO - Successfully Created Cursor
2025-07-30 17:06:18,775 - db_helper -INFO - Successfully Fetched the data from the database between the dates
2025-07-30 17:06:18,775 - db_helper -INFO - Successfully Closed the Cursor
2025-07-30 17:06:18,775 - db_helper -INFO - Successfully closed the connection with the database
2025-07-30 17:06:19,931 - db_helper -INFO - Fetching the data from the database between the dates
2025-07-30 17:06:19,941 - db_helper -INFO - Successfully Connected with the database
2025-07-30 17:06:19,942 - db_helper -INFO - Successfully Created Cursor
2025-07-30 17:06:19,943 - db_helper -INFO - Successfully Fetched the data from the database between the dates
2025-07-30 17:06:19,943 - db_helper -INFO - Successfully Closed the Cursor
2025-07-30 17:06:19,944 - db_helper -INFO - Successfully closed the connection with the database
2025-07-30 17:07:45,660 - db_helper -INFO - Fetching the data from the database between the dates
2025-07-30 17:07:45,682 - db_helper -INFO - Successfully Connected with the database
2025-07-30 17:07:45,682 - db_helper -INFO - Successfully Created Cursor
2025-07-30 17:07:45,684 - db_helper -INFO - Successfully Fetched the data from the database between the dates
2025-07-30 17:07:45,684 - db_helper -INFO - Successfully Closed the Cursor
2025-07-30 17:07:45,684 - db_helper -INFO - Successfully closed the connection with the database
2025-07-30 17:14:44,528 - db_helper -INFO - Fetching the data from the database between the dates
2025-07-30 17:14:44,549 - db_helper -INFO - Successfully Connected with the database
2025-07-30 17:14:44,549 - db_helper -INFO - Successfully Created Cursor
2025-07-30 17:14:44,550 - db_helper -INFO - Successfully Fetched the data from the database between the dates
2025-07-30 17:14:44,550 - db_helper -INFO - Successfully Closed the Cursor
2025-07-30 17:14:44,551 - db_helper -INFO - Successfully closed the connection with the database
2025-07-30 17:17:42,698 - db_helper -INFO - Fetching the data from the database between the dates
2025-07-30 17:17:42,717 - db_helper -INFO - Successfully Connected with the database
2025-07-30 17:17:42,718 - db_helper -INFO - Successfully Created Cursor
2025-07-30 17:17:42,719 - db_helper -INFO - Successfully Fetched the data from the database between the dates
2025-07-30 17:17:42,719 - db_helper -INFO - Successfully Closed the Cursor
2025-07-30 17:17:42,719 - db_helper -INFO - Successfully closed the connection with the database
2025-07-30 17:17:57,615 - db_helper -INFO - Fetching the data from the database between the dates
2025-07-30 17:17:57,640 - db_helper -INFO - Successfully Connected with the database
2025-07-30 17:17:57,640 - db_helper -INFO - Successfully Created Cursor
2025-07-30 17:17:57,641 - db_helper -INFO - Successfully Fetched the data from the database between the dates
2025-07-30 17:17:57,641 - db_helper -INFO - Successfully Closed the Cursor
2025-07-30 17:17:57,641 - db_helper -INFO - Successfully closed the connection with the database
2025-07-30 17:17:58,709 - db_helper -INFO - Fetching the data from the database between the dates
2025-07-30 17:17:58,718 - db_helper -INFO - Successfully Connected with the database
2025-07-30 17:17:58,719 - db_helper -INFO - Successfully Created Cursor
2025-07-30 17:17:58,720 - db_helper -INFO - Successfully Fetched the data from the database between the dates
2025-07-30 17:17:58,720 - db_helper -INFO - Successfully Closed the Cursor
2025-07-30 17:17:58,720 - db_helper -INFO - Successfully closed the connection with the database
2025-07-30 17:18:13,435 - db_helper -INFO - Fetching the data from the database between the dates
2025-07-30 17:18:13,452 - db_helper -INFO - Successfully Connected with the database
2025-07-30 17:18:13,453 - db_helper -INFO - Successfully Created Cursor
2025-07-30 17:18:13,453 - db_helper -INFO - Successfully Fetched the data from the database between the dates
2025-07-30 17:18:13,454 - db_helper -INFO - Successfully Closed the Cursor
2025-07-30 17:18:13,454 - db_helper -INFO - Successfully closed the connection with the database
2025-07-30 17:20:19,124 - db_helper -INFO - Fetching the data from the database between the dates
2025-07-30 17:20:19,145 - db_helper -INFO - Successfully Connected with the database
2025-07-30 17:20:19,145 - db_helper -INFO - Successfully Created Cursor
2025-07-30 17:20:19,146 - db_helper -INFO - Successfully Fetched the data from the database between the dates
2025-07-30 17:20:19,146 - db_helper -INFO - Successfully Closed the Cursor
2025-07-30 17:20:19,146 - db_helper -INFO - Successfully closed the connection with the database
2025-07-30 17:20:41,682 - db_helper -INFO - Fetching the data from the database between the dates
2025-07-30 17:20:41,702 - db_helper -INFO - Successfully Connected with the database
2025-07-30 17:20:41,703 - db_helper -INFO - Successfully Created Cursor
2025-07-30 17:20:41,704 - db_helper -INFO - Successfully Fetched the data from the database between the dates
2025-07-30 17:20:41,704 - db_helper -INFO - Successfully Closed the Cursor
2025-07-30 17:20:41,704 - db_helper -INFO - Successfully closed the connection with the database
2025-07-30 17:21:27,700 - db_helper -INFO - Fetching the data from the database between the dates
2025-07-30 17:21:27,720 - db_helper -INFO - Successfully Connected with the database
2025-07-30 17:21:27,720 - db_helper -INFO - Successfully Created Cursor
2025-07-30 17:21:27,721 - db_helper -INFO - Successfully Fetched the data from the database between the dates
2025-07-30 17:21:27,721 - db_helper -INFO - Successfully Closed the Cursor
2025-07-30 17:21:27,721 - db_helper -INFO - Successfully closed the connection with the database
2025-07-30 17:23:32,315 - db_helper -INFO - Fetching the data from the database between the dates
2025-07-30 17:23:32,335 - db_helper -INFO - Successfully Connected with the database
2025-07-30 17:23:32,336 - db_helper -INFO - Successfully Created Cursor
2025-07-30 17:23:32,337 - db_helper -INFO - Successfully Fetched the data from the database between the dates
2025-07-30 17:23:32,337 - db_helper -INFO - Successfully Closed the Cursor
2025-07-30 17:23:32,337 - db_helper -INFO - Successfully closed the connection with the database
2025-07-30 17:25:44,093 - db_helper -INFO - Fetching the data from the database between the dates
2025-07-30 17:25:44,113 - db_helper -INFO - Successfully Connected with the database
2025-07-30 17:25:44,114 - db_helper -INFO - Successfully Created Cursor
2025-07-30 17:25:44,115 - db_helper -INFO - Successfully Fetched the data from the database between the dates
2025-07-30 17:25:44,115 - db_helper -INFO - Successfully Closed the Cursor
2025-07-30 17:25:44,115 - db_helper -INFO - Successfully closed the connection with the database
2025-07-30 17:25:44,968 - db_helper -INFO - Fetching the data from the database between the dates
2025-07-30 17:25:44,977 - db_helper -INFO - Successfully Connected with the database
2025-07-30 17:25:44,977 - db_helper -INFO - Successfully Created Cursor
2025-07-30 17:25:44,979 - db_helper -INFO - Successfully Fetched the data from the database between the dates
2025-07-30 17:25:44,979 - db_helper -INFO - Successfully Closed the Cursor
2025-07-30 17:25:44,979 - db_helper -INFO - Successfully closed the connection with the database
2025-07-30 17:30:37,974 - db_helper -INFO - Fetching the data from the database between the dates
2025-07-30 17:30:37,994 - db_helper -INFO - Successfully Connected with the database
2025-07-30 17:30:37,995 - db_helper -INFO - Successfully Created Cursor
2025-07-30 17:30:37,996 - db_helper -INFO - Successfully Fetched the data from the database between the dates
2025-07-30 17:30:37,996 - db_helper -INFO - Successfully Closed the Cursor
2025-07-30 17:30:37,996 - db_helper -INFO - Successfully closed the connection with the database
2025-07-30 17:30:49,337 - db_helper -INFO - Fetching the data from the database between the dates
2025-07-30 17:30:49,347 - db_helper -INFO - Successfully Connected with the database
2025-07-30 17:30:49,347 - db_helper -INFO - Successfully Created Cursor
2025-07-30 17:30:49,348 - db_helper -INFO - Successfully Fetched the data from the database between the dates
2025-07-30 17:30:49,349 - db_helper -INFO - Successfully Closed the Cursor
2025-07-30 17:30:49,349 - db_helper -INFO - Successfully closed the connection with the database
2025-07-30 17:33:18,480 - db_helper -INFO - Fetching the data from the database between the dates
2025-07-30 17:33:18,503 - db_helper -INFO - Successfully Connected with the database
2025-07-30 17:33:18,504 - db_helper -INFO - Successfully Created Cursor
2025-07-30 17:33:18,504 - db_helper -INFO - Successfully Fetched the data from the database between the dates
2025-07-30 17:33:18,505 - db_helper -INFO - Successfully Closed the Cursor
2025-07-30 17:33:18,505 - db_helper -INFO - Successfully closed the connection with the database
2025-07-30 17:34:37,864 - db_helper -INFO - Fetching the data from the database between the dates
2025-07-30 17:34:37,885 - db_helper -INFO - Successfully Connected with the database
2025-07-30 17:34:37,885 - db_helper -INFO - Successfully Created Cursor
2025-07-30 17:34:37,886 - db_helper -INFO - Successfully Fetched the data from the database between the dates
2025-07-30 17:34:37,886 - db_helper -INFO - Successfully Closed the Cursor
2025-07-30 17:34:37,886 - db_helper -INFO - Successfully closed the connection with the database
2025-07-30 17:36:23,463 - db_helper -INFO - Fetching the data from the database between the dates
2025-07-30 17:36:23,484 - db_helper -INFO - Successfully Connected with the database
2025-07-30 17:36:23,484 - db_helper -INFO - Successfully Created Cursor
2025-07-30 17:36:23,485 - db_helper -INFO - Successfully Fetched the data from the database between the dates
2025-07-30 17:36:23,485 - db_helper -INFO - Successfully Closed the Cursor
2025-07-30 17:36:23,485 - db_helper -INFO - Successfully closed the connection with the database
2025-07-30 17:36:52,438 - db_helper -INFO - Fetching the data from the database between the dates
2025-07-30 17:36:52,457 - db_helper -INFO - Successfully Connected with the database
2025-07-30 17:36:52,458 - db_helper -INFO - Successfully Created Cursor
2025-07-30 17:36:52,458 - db_helper -INFO - Successfully Fetched the data from the database between the dates
2025-07-30 17:36:52,458 - db_helper -INFO - Successfully Closed the Cursor
2025-07-30 17:36:52,458 - db_helper -INFO - Successfully closed the connection with the database
2025-07-30 17:36:53,232 - db_helper -INFO - Fetching the data from the database between the dates
2025-07-30 17:36:53,242 - db_helper -INFO - Successfully Connected with the database
2025-07-30 17:36:53,243 - db_helper -INFO - Successfully Created Cursor
2025-07-30 17:36:53,244 - db_helper -INFO - Successfully Fetched the data from the database between the dates
2025-07-30 17:36:53,244 - db_helper -INFO - Successfully Closed the Cursor
2025-07-30 17:36:53,244 - db_helper -INFO - Successfully closed the connection with the database
2025-07-30 17:59:38,755 - db_helper -INFO - Fetching the data from the database between the dates
2025-07-30 17:59:38,792 - db_helper -INFO - Successfully Connected with the database
2025-07-30 17:59:38,793 - db_helper -INFO - Successfully Created Cursor
2025-07-30 17:59:38,794 - db_helper -INFO - Successfully Fetched the data from the database between the dates
2025-07-30 17:59:38,794 - db_helper -INFO - Successfully Closed the Cursor
2025-07-30 17:59:38,795 - db_helper -INFO - Successfully closed the connection with the database
2025-07-30 18:00:02,675 - db_helper -INFO - Fetching the data from the database between the dates
2025-07-30 18:00:02,697 - db_helper -INFO - Successfully Connected with the database
2025-07-30 18:00:02,697 - db_helper -INFO - Successfully Created Cursor
2025-07-30 18:00:02,697 - db_helper -INFO - Successfully Fetched the data from the database between the dates
2025-07-30 18:00:02,697 - db_helper -INFO - Successfully Closed the Cursor
2025-07-30 18:00:02,697 - db_helper -INFO - Successfully closed the connection with the database
2025-07-30 18:11:28,253 - db_helper -INFO - Started Fetching the data using date
2025-07-30 18:11:28,263 - db_helper -INFO - Successfully Connected with the database
2025-07-30 18:11:28,263 - db_helper -INFO - Successfully Created Cursor
2025-07-30 18:11:28,264 - db_helper -INFO - Successful Fetching the data using date
2025-07-30 18:11:28,264 - db_helper -INFO - Successfully Closed the Cursor
2025-07-30 18:11:28,264 - db_helper -INFO - Successfully closed the connection with the database
2025-07-30 18:22:22,575 - db_helper -INFO - Started Fetching the data using date
2025-07-30 18:22:22,598 - db_helper -INFO - Successfully Connected with the database
2025-07-30 18:22:22,599 - db_helper -INFO - Successfully Created Cursor
2025-07-30 18:22:22,600 - db_helper -INFO - Successful Fetching the data using date
2025-07-30 18:22:22,600 - db_helper -INFO - Successfully Closed the Cursor
2025-07-30 18:22:22,600 - db_helper -INFO - Successfully closed the connection with the database
2025-07-30 18:22:28,269 - db_helper -INFO - Started Fetching the data using date
2025-07-30 18:22:28,278 - db_helper -INFO - Successfully Connected with the database
2025-07-30 18:22:28,279 - db_helper -INFO - Successfully Created Cursor
2025-07-30 18:22:28,280 - db_helper -INFO - Successful Fetching the data using date
2025-07-30 18:22:28,280 - db_helper -INFO - Successfully Closed the Cursor
2025-07-30 18:22:28,280 - db_helper -INFO - Successfully closed the connection with the database
2025-07-30 18:22:29,526 - db_helper -INFO - Started Fetching the data using date
2025-07-30 18:22:29,534 - db_helper -INFO - Successfully Connected with the database
2025-07-30 18:22:29,535 - db_helper -INFO - Successfully Created Cursor
2025-07-30 18:22:29,535 - db_helper -INFO - Successful Fetching the data using date
2025-07-30 18:22:29,535 - db_helper -INFO - Successfully Closed the Cursor
2025-07-30 18:22:29,536 - db_helper -INFO - Successfully closed the connection with the database
2025-07-30 18:23:55,295 - db_helper -INFO - Started Fetching the data using date
2025-07-30 18:23:55,305 - db_helper -INFO - Successfully Connected with the database
2025-07-30 18:23:55,306 - db_helper -INFO - Successfully Created Cursor
2025-07-30 18:23:55,307 - db_helper -INFO - Successful Fetching the data using date
2025-07-30 18:23:55,307 - db_helper -INFO - Successfully Closed the Cursor
2025-07-30 18:23:55,307 - db_helper -INFO - Successfully closed the connection with the database
2025-07-30 18:23:57,287 - db_helper -INFO - Started Fetching the data using date
2025-07-30 18:23:57,295 - db_helper -INFO - Successfully Connected with the database
2025-07-30 18:23:57,295 - db_helper -INFO - Successfully Created Cursor
2025-07-30 18:23:57,296 - db_helper -INFO - Successful Fetching the data using date
2025-07-30 18:23:57,296 - db_helper -INFO - Successfully Closed the Cursor
2025-07-30 18:23:57,296 - db_helper -INFO - Successfully closed the connection with the database
2025-07-30 18:23:57,314 - db_helper -INFO - Fetching the data from the database between the dates
2025-07-30 18:23:57,320 - db_helper -INFO - Successfully Connected with the database
2025-07-30 18:23:57,320 - db_helper -INFO - Successfully Created Cursor
2025-07-30 18:23:57,321 - db_helper -INFO - Successfully Fetched the data from the database between the dates
2025-07-30 18:23:57,321 - db_helper -INFO - Successfully Closed the Cursor
2025-07-30 18:23:57,321 - db_helper -INFO - Successfully closed the connection with the database
2025-07-30 18:25:34,257 - db_helper -INFO - Started Fetching the data using date
2025-07-30 18:25:34,265 - db_helper -INFO - Successfully Connected with the database
2025-07-30 18:25:34,265 - db_helper -INFO - Successfully Created Cursor
2025-07-30 18:25:34,266 - db_helper -INFO - Successful Fetching the data using date
2025-07-30 18:25:34,266 - db_helper -INFO - Successfully Closed the Cursor
2025-07-30 18:25:34,266 - db_helper -INFO - Successfully closed the connection with the database
2025-07-30 18:25:35,672 - db_helper -INFO - Started Fetching the data using date
2025-07-30 18:25:35,680 - db_helper -INFO - Successfully Connected with the database
2025-07-30 18:25:35,680 - db_helper -INFO - Successfully Created Cursor
2025-07-30 18:25:35,681 - db_helper -INFO - Successful Fetching the data using date
2025-07-30 18:25:35,681 - db_helper -INFO - Successfully Closed the Cursor
2025-07-30 18:25:35,682 - db_helper -INFO - Successfully closed the connection with the database
2025-07-30 18:25:35,699 - db_helper -INFO - Fetching the data from the database between the dates
2025-07-30 18:25:35,706 - db_helper -INFO - Successfully Connected with the database
2025-07-30 18:25:35,706 - db_helper -INFO - Successfully Created Cursor
2025-07-30 18:25:35,707 - db_helper -INFO - Successfully Fetched the data from the database between the dates
2025-07-30 18:25:35,707 - db_helper -INFO - Successfully Closed the Cursor
2025-07-30 18:25:35,708 - db_helper -INFO - Successfully closed the connection with the database
2025-07-30 18:25:58,655 - db_helper -INFO - Started Fetching the data using date
2025-07-30 18:25:58,662 - db_helper -INFO - Successfully Connected with the database
2025-07-30 18:25:58,662 - db_helper -INFO - Successfully Created Cursor
2025-07-30 18:25:58,663 - db_helper -INFO - Successful Fetching the data using date
2025-07-30 18:25:58,663 - db_helper -INFO - Successfully Closed the Cursor
2025-07-30 18:25:58,663 - db_helper -INFO - Successfully closed the connection with the database
2025-07-30 18:26:00,438 - db_helper -INFO - Started Fetching the data using date
2025-07-30 18:26:00,445 - db_helper -INFO - Successfully Connected with the database
2025-07-30 18:26:00,445 - db_helper -INFO - Successfully Created Cursor
2025-07-30 18:26:00,446 - db_helper -INFO - Successful Fetching the data using date
2025-07-30 18:26:00,446 - db_helper -INFO - Successfully Closed the Cursor
2025-07-30 18:26:00,446 - db_helper -INFO - Successfully closed the connection with the database
2025-07-30 18:26:00,464 - db_helper -INFO - Fetching the data from the database between the dates
2025-07-30 18:26:00,473 - db_helper -INFO - Successfully Connected with the database
2025-07-30 18:26:00,474 - db_helper -INFO - Successfully Created Cursor
2025-07-30 18:26:00,475 - db_helper -INFO - Successfully Fetched the data from the database between the dates
2025-07-30 18:26:00,475 - db_helper -INFO - Successfully Closed the Cursor
2025-07-30 18:26:00,475 - db_helper -INFO - Successfully closed the connection with the database
2025-07-30 18:28:25,557 - db_helper -INFO - Started Fetching the data using date
2025-07-30 18:28:25,576 - db_helper -INFO - Successfully Connected with the database
2025-07-30 18:28:25,576 - db_helper -INFO - Successfully Created Cursor
2025-07-30 18:28:25,578 - db_helper -INFO - Successful Fetching the data using date
2025-07-30 18:28:25,578 - db_helper -INFO - Successfully Closed the Cursor
2025-07-30 18:28:25,578 - db_helper -INFO - Successfully closed the connection with the database
2025-07-30 18:28:25,604 - db_helper -INFO - Fetching the data from the database between the dates
2025-07-30 18:28:25,614 - db_helper -INFO - Successfully Connected with the database
2025-07-30 18:28:25,614 - db_helper -INFO - Successfully Created Cursor
2025-07-30 18:28:25,615 - db_helper -INFO - Successfully Fetched the data from the database between the dates
2025-07-30 18:28:25,615 - db_helper -INFO - Successfully Closed the Cursor
2025-07-30 18:28:25,615 - db_helper -INFO - Successfully closed the connection with the database
2025-07-30 22:09:45,104 - db_helper -INFO - Started Fetching the data using date
2025-07-30 22:09:45,154 - db_helper -INFO - Successfully Connected with the database
2025-07-30 22:09:45,154 - db_helper -INFO - Successfully Created Cursor
2025-07-30 22:09:45,164 - db_helper -INFO - Successful Fetching the data using date
2025-07-30 22:09:45,164 - db_helper -INFO - Successfully Closed the Cursor
2025-07-30 22:09:45,164 - db_helper -INFO - Successfully closed the connection with the database
2025-07-30 22:09:52,874 - db_helper -INFO - Started Fetching the data using date
2025-07-30 22:09:52,882 - db_helper -INFO - Successfully Connected with the database
2025-07-30 22:09:52,883 - db_helper -INFO - Successfully Created Cursor
2025-07-30 22:09:52,884 - db_helper -INFO - Successful Fetching the data using date
2025-07-30 22:09:52,884 - db_helper -INFO - Successfully Closed the Cursor
2025-07-30 22:09:52,884 - db_helper -INFO - Successfully closed the connection with the database
2025-07-30 22:09:52,900 - db_helper -INFO - Fetching the data from the database between the dates
2025-07-30 22:09:52,904 - db_helper -INFO - Successfully Connected with the database
2025-07-30 22:09:52,905 - db_helper -INFO - Successfully Created Cursor
2025-07-30 22:09:52,908 - db_helper -INFO - Successfully Fetched the data from the database between the dates
2025-07-30 22:09:52,908 - db_helper -INFO - Successfully Closed the Cursor
2025-07-30 22:09:52,909 - db_helper -INFO - Successfully closed the connection with the database
2025-07-30 22:13:20,676 - db_helper -INFO - Started Fetching the data using date
2025-07-30 22:13:20,688 - db_helper -INFO - Successfully Connected with the database
2025-07-30 22:13:20,688 - db_helper -INFO - Successfully Created Cursor
2025-07-30 22:13:20,689 - db_helper -INFO - Successful Fetching the data using date
2025-07-30 22:13:20,690 - db_helper -INFO - Successfully Closed the Cursor
2025-07-30 22:13:20,690 - db_helper -INFO - Successfully closed the connection with the database
2025-07-30 22:13:22,875 - db_helper -INFO - Started Fetching the data using date
2025-07-30 22:13:22,883 - db_helper -INFO - Successfully Connected with the database
2025-07-30 22:13:22,883 - db_helper -INFO - Successfully Created Cursor
2025-07-30 22:13:22,884 - db_helper -INFO - Successful Fetching the data using date
2025-07-30 22:13:22,884 - db_helper -INFO - Successfully Closed the Cursor
2025-07-30 22:13:22,884 - db_helper -INFO - Successfully closed the connection with the database
2025-07-30 22:13:24,737 - db_helper -INFO - Started Fetching the data using date
2025-07-30 22:13:24,747 - db_helper -INFO - Successfully Connected with the database
2025-07-30 22:13:24,747 - db_helper -INFO - Successfully Created Cursor
2025-07-30 22:13:24,748 - db_helper -INFO - Successful Fetching the data using date
2025-07-30 22:13:24,748 - db_helper -INFO - Successfully Closed the Cursor
2025-07-30 22:13:24,748 - db_helper -INFO - Successfully closed the connection with the database
2025-07-30 22:13:24,766 - db_helper -INFO - Fetching the data from the database between the dates
2025-07-30 22:13:24,773 - db_helper -INFO - Successfully Connected with the database
2025-07-30 22:13:24,773 - db_helper -INFO - Successfully Created Cursor
2025-07-30 22:13:24,774 - db_helper -INFO - Successfully Fetched the data from the database between the dates
2025-07-30 22:13:24,774 - db_helper -INFO - Successfully Closed the Cursor
2025-07-30 22:13:24,774 - db_helper -INFO - Successfully closed the connection with the database
2025-07-30 22:14:54,234 - db_helper -INFO - Fetching the data from the database between the dates
2025-07-30 22:14:54,245 - db_helper -INFO - Successfully Connected with the database
2025-07-30 22:14:54,245 - db_helper -INFO - Successfully Created Cursor
2025-07-30 22:14:54,246 - db_helper -INFO - Successfully Fetched the data from the database between the dates
2025-07-30 22:14:54,246 - db_helper -INFO - Successfully Closed the Cursor
2025-07-30 22:14:54,246 - db_helper -INFO - Successfully closed the connection with the database
2025-07-31 00:00:18,762 - db_helper -INFO - Started Fetching the data using date
2025-07-31 00:00:18,775 - db_helper -INFO - Successfully Connected with the database
2025-07-31 00:00:18,775 - db_helper -INFO - Successfully Created Cursor
2025-07-31 00:00:18,777 - db_helper -INFO - Successful Fetching the data using date
2025-07-31 00:00:18,777 - db_helper -INFO - Successfully Closed the Cursor
2025-07-31 00:00:18,777 - db_helper -INFO - Successfully closed the connection with the database
2025-07-31 00:00:18,794 - db_helper -INFO - Fetching the data from the database between the dates
2025-07-31 00:00:18,802 - db_helper -INFO - Successfully Connected with the database
2025-07-31 00:00:18,802 - db_helper -INFO - Successfully Created Cursor
2025-07-31 00:00:18,803 - db_helper -INFO - Successfully Fetched the data from the database between the dates
2025-07-31 00:00:18,803 - db_helper -INFO - Successfully Closed the Cursor
2025-07-31 00:00:18,803 - db_helper -INFO - Successfully closed the connection with the database
2025-07-31 00:00:39,797 - db_helper -INFO - Started Fetching the data using date
2025-07-31 00:00:39,808 - db_helper -INFO - Successfully Connected with the database
2025-07-31 00:00:39,808 - db_helper -INFO - Successfully Created Cursor
2025-07-31 00:00:39,808 - db_helper -INFO - Successful Fetching the data using date
2025-07-31 00:00:39,808 - db_helper -INFO - Successfully Closed the Cursor
2025-07-31 00:00:39,808 - db_helper -INFO - Successfully closed the connection with the database
2025-07-31 00:00:46,977 - db_helper -INFO - Started Fetching the data using date
2025-07-31 00:00:46,987 - db_helper -INFO - Successfully Connected with the database
2025-07-31 00:00:46,987 - db_helper -INFO - Successfully Created Cursor
2025-07-31 00:00:46,988 - db_helper -INFO - Successful Fetching the data using date
2025-07-31 00:00:46,988 - db_helper -INFO - Successfully Closed the Cursor
2025-07-31 00:00:46,989 - db_helper -INFO - Successfully closed the connection with the database
2025-07-31 00:00:48,070 - db_helper -INFO - Started Fetching the data using date
2025-07-31 00:00:48,076 - db_helper -INFO - Successfully Connected with the database
2025-07-31 00:00:48,076 - db_helper -INFO - Successfully Created Cursor
2025-07-31 00:00:48,077 - db_helper -INFO - Successful Fetching the data using date
2025-07-31 00:00:48,077 - db_helper -INFO - Successfully Closed the Cursor
2025-07-31 00:00:48,077 - db_helper -INFO - Successfully closed the connection with the database
2025-07-31 00:00:48,094 - db_helper -INFO - Fetching the data from the database between the dates
2025-07-31 00:00:48,101 - db_helper -INFO - Successfully Connected with the database
2025-07-31 00:00:48,101 - db_helper -INFO - Successfully Created Cursor
2025-07-31 00:00:48,102 - db_helper -INFO - Successfully Fetched the data from the database between the dates
2025-07-31 00:00:48,102 - db_helper -INFO - Successfully Closed the Cursor
2025-07-31 00:00:48,102 - db_helper -INFO - Successfully closed the connection with the database
2025-07-31 00:12:33,517 - db_helper -INFO - Started Fetching the data using date
2025-07-31 00:12:33,528 - db_helper -INFO - Successfully Connected with the database
2025-07-31 00:12:33,529 - db_helper -INFO - Successfully Created Cursor
2025-07-31 00:12:33,529 - db_helper -INFO - Successful Fetching the data using date
2025-07-31 00:12:33,529 - db_helper -INFO - Successfully Closed the Cursor
2025-07-31 00:12:33,529 - db_helper -INFO - Successfully closed the connection with the database
2025-07-31 00:37:54,644 - db_helper -INFO - Successfully Connected with the database
2025-07-31 00:37:54,645 - db_helper -INFO - Successfully Created Cursor
2025-07-31 00:37:54,646 - db_helper -INFO - Successfully Closed the Cursor
2025-07-31 00:37:54,646 - db_helper -INFO - Successfully closed the connection with the database
2025-07-31 00:41:04,516 - db_helper -INFO - Successfully Connected with the database
2025-07-31 00:41:04,516 - db_helper -INFO - Successfully Created Cursor
2025-07-31 00:41:04,518 - db_helper -INFO - Successfully Closed the Cursor
2025-07-31 00:41:04,518 - db_helper -INFO - Successfully closed the connection with the database
2025-07-31 00:45:07,774 - db_helper -INFO - Started Fetching the data using date
2025-07-31 00:45:07,782 - db_helper -INFO - Successfully Connected with the database
2025-07-31 00:45:07,783 - db_helper -INFO - Successfully Created Cursor
2025-07-31 00:45:07,784 - db_helper -INFO - Successful Fetching the data using date
2025-07-31 00:45:07,785 - db_helper -INFO - Successfully Closed the Cursor
2025-07-31 00:45:07,785 - db_helper -INFO - Successfully closed the connection with the database
2025-07-31 00:45:12,503 - db_helper -INFO - Started Fetching the data using date
2025-07-31 00:45:12,510 - db_helper -INFO - Successfully Connected with the database
2025-07-31 00:45:12,510 - db_helper -INFO - Successfully Created Cursor
2025-07-31 00:45:12,511 - db_helper -INFO - Successful Fetching the data using date
2025-07-31 00:45:12,511 - db_helper -INFO - Successfully Closed the Cursor
2025-07-31 00:45:12,512 - db_helper -INFO - Successfully closed the connection with the database
2025-07-31 00:48:55,898 - db_helper -INFO - Started Fetching the data using date
2025-07-31 00:48:55,908 - db_helper -INFO - Successfully Connected with the database
2025-07-31 00:48:55,908 - db_helper -INFO - Successfully Created Cursor
2025-07-31 00:48:55,909 - db_helper -INFO - Successful Fetching the data using date
2025-07-31 00:48:55,909 - db_helper -INFO - Successfully Closed the Cursor
2025-07-31 00:48:55,909 - db_helper -INFO - Successfully closed the connection with the database
2025-07-31 00:48:55,932 - db_helper -INFO - Successfully Connected with the database
2025-07-31 00:48:55,932 - db_helper -INFO - Successfully Created Cursor
2025-07-31 00:48:55,933 - db_helper -INFO - Successfully Closed the Cursor
2025-07-31 00:48:55,933 - db_helper -INFO - Successfully closed the connection with the database
2025-07-31 00:57:50,722 - db_helper -INFO - Started Fetching the data using date
2025-07-31 00:57:50,735 - db_helper -INFO - Successfully Connected with the database
2025-07-31 00:57:50,735 - db_helper -INFO - Successfully Created Cursor
2025-07-31 00:57:50,736 - db_helper -INFO - Successful Fetching the data using date
2025-07-31 00:57:50,736 - db_helper -INFO - Successfully Closed the Cursor
2025-07-31 00:57:50,736 - db_helper -INFO - Successfully closed the connection with the database
2025-07-31 00:57:50,767 - db_helper -INFO - Successfully Connected with the database
2025-07-31 00:57:50,768 - db_helper -INFO - Successfully Created Cursor
2025-07-31 00:57:50,772 - db_helper -INFO - Successfully Closed the Cursor
2025-07-31 00:57:50,772 - db_helper -INFO - Successfully closed the connection with the database
2025-07-31 00:59:28,805 - db_helper -INFO - Started Fetching the data using date
2025-07-31 00:59:28,817 - db_helper -INFO - Successfully Connected with the database
2025-07-31 00:59:28,817 - db_helper -INFO - Successfully Created Cursor
2025-07-31 00:59:28,819 - db_helper -INFO - Successful Fetching the data using date
2025-07-31 00:59:28,820 - db_helper -INFO - Successfully Closed the Cursor
2025-07-31 00:59:28,820 - db_helper -INFO - Successfully closed the connection with the database
2025-07-31 00:59:28,843 - db_helper -INFO - Successfully Connected with the database
2025-07-31 00:59:28,843 - db_helper -INFO - Successfully Created Cursor
2025-07-31 00:59:28,844 - db_helper -INFO - Successfully Closed the Cursor
2025-07-31 00:59:28,844 - db_helper -INFO - Successfully closed the connection with the database
2025-07-31 01:00:07,766 - db_helper -INFO - Started Fetching the data using date
2025-07-31 01:00:07,778 - db_helper -INFO - Successfully Connected with the database
2025-07-31 01:00:07,778 - db_helper -INFO - Successfully Created Cursor
2025-07-31 01:00:07,779 - db_helper -INFO - Successful Fetching the data using date
2025-07-31 01:00:07,780 - db_helper -INFO - Successfully Closed the Cursor
2025-07-31 01:00:07,780 - db_helper -INFO - Successfully closed the connection with the database
2025-07-31 01:00:07,805 - db_helper -INFO - Successfully Connected with the database
2025-07-31 01:00:07,805 - db_helper -INFO - Successfully Created Cursor
2025-07-31 01:00:07,805 - db_helper -INFO - Successfully Closed the Cursor
2025-07-31 01:00:07,806 - db_helper -INFO - Successfully closed the connection with the database
2025-07-31 01:00:15,548 - db_helper -INFO - Started Fetching the data using date
2025-07-31 01:00:15,557 - db_helper -INFO - Successfully Connected with the database
2025-07-31 01:00:15,558 - db_helper -INFO - Successfully Created Cursor
2025-07-31 01:00:15,559 - db_helper -INFO - Successful Fetching the data using date
2025-07-31 01:00:15,559 - db_helper -INFO - Successfully Closed the Cursor
2025-07-31 01:00:15,559 - db_helper -INFO - Successfully closed the connection with the database
2025-07-31 01:00:15,583 - db_helper -INFO - Successfully Connected with the database
2025-07-31 01:00:15,583 - db_helper -INFO - Successfully Created Cursor
2025-07-31 01:00:15,584 - db_helper -INFO - Successfully Closed the Cursor
2025-07-31 01:00:15,584 - db_helper -INFO - Successfully closed the connection with the database
2025-07-31 01:00:50,655 - db_helper -INFO - Started Fetching the data using date
2025-07-31 01:00:50,664 - db_helper -INFO - Successfully Connected with the database
2025-07-31 01:00:50,664 - db_helper -INFO - Successfully Created Cursor
2025-07-31 01:00:50,665 - db_helper -INFO - Successful Fetching the data using date
2025-07-31 01:00:50,665 - db_helper -INFO - Successfully Closed the Cursor
2025-07-31 01:00:50,666 - db_helper -INFO - Successfully closed the connection with the database
2025-07-31 01:00:50,687 - db_helper -INFO - Successfully Connected with the database
2025-07-31 01:00:50,687 - db_helper -INFO - Successfully Created Cursor
2025-07-31 01:00:50,688 - db_helper -INFO - Successfully Closed the Cursor
2025-07-31 01:00:50,688 - db_helper -INFO - Successfully closed the connection with the database
2025-07-31 01:02:25,882 - db_helper -INFO - Started Fetching the data using date
2025-07-31 01:02:25,891 - db_helper -INFO - Successfully Connected with the database
2025-07-31 01:02:25,891 - db_helper -INFO - Successfully Created Cursor
2025-07-31 01:02:25,892 - db_helper -INFO - Successful Fetching the data using date
2025-07-31 01:02:25,892 - db_helper -INFO - Successfully Closed the Cursor
2025-07-31 01:02:25,892 - db_helper -INFO - Successfully closed the connection with the database
2025-07-31 01:02:25,916 - db_helper -INFO - Successfully Connected with the database
2025-07-31 01:02:25,916 - db_helper -INFO - Successfully Created Cursor
2025-07-31 01:02:25,917 - db_helper -INFO - Successfully Closed the Cursor
2025-07-31 01:02:25,917 - db_helper -INFO - Successfully closed the connection with the database
2025-07-31 01:03:07,037 - db_helper -INFO - Started Fetching the data using date
2025-07-31 01:03:07,046 - db_helper -INFO - Successfully Connected with the database
2025-07-31 01:03:07,046 - db_helper -INFO - Successfully Created Cursor
2025-07-31 01:03:07,046 - db_helper -INFO - Successful Fetching the data using date
2025-07-31 01:03:07,046 - db_helper -INFO - Successfully Closed the Cursor
2025-07-31 01:03:07,047 - db_helper -INFO - Successfully closed the connection with the database
2025-07-31 01:03:07,070 - db_helper -INFO - Successfully Connected with the database
2025-07-31 01:03:07,070 - db_helper -INFO - Successfully Created Cursor
2025-07-31 01:03:07,071 - db_helper -INFO - Successfully Closed the Cursor
2025-07-31 01:03:07,072 - db_helper -INFO - Successfully closed the connection with the database
2025-07-31 01:03:45,468 - db_helper -INFO - Started Fetching the data using date
2025-07-31 01:03:45,477 - db_helper -INFO - Successfully Connected with the database
2025-07-31 01:03:45,478 - db_helper -INFO - Successfully Created Cursor
2025-07-31 01:03:45,479 - db_helper -INFO - Successful Fetching the data using date
2025-07-31 01:03:45,479 - db_helper -INFO - Successfully Closed the Cursor
2025-07-31 01:03:45,479 - db_helper -INFO - Successfully closed the connection with the database
2025-07-31 01:03:45,499 - db_helper -INFO - Successfully Connected with the database
2025-07-31 01:03:45,499 - db_helper -INFO - Successfully Created Cursor
2025-07-31 01:03:45,500 - db_helper -INFO - Successfully Closed the Cursor
2025-07-31 01:03:45,500 - db_helper -INFO - Successfully closed the connection with the database
2025-07-31 01:04:31,493 - db_helper -INFO - Started Fetching the data using date
2025-07-31 01:04:31,502 - db_helper -INFO - Successfully Connected with the database
2025-07-31 01:04:31,502 - db_helper -INFO - Successfully Created Cursor
2025-07-31 01:04:31,502 - db_helper -INFO - Successful Fetching the data using date
2025-07-31 01:04:31,503 - db_helper -INFO - Successfully Closed the Cursor
2025-07-31 01:04:31,503 - db_helper -INFO - Successfully closed the connection with the database
2025-07-31 01:04:31,524 - db_helper -INFO - Successfully Connected with the database
2025-07-31 01:04:31,524 - db_helper -INFO - Successfully Created Cursor
2025-07-31 01:04:31,525 - db_helper -INFO - Successfully Closed the Cursor
2025-07-31 01:04:31,525 - db_helper -INFO - Successfully closed the connection with the database
2025-07-31 01:05:15,002 - db_helper -INFO - Started Fetching the data using date
2025-07-31 01:05:15,011 - db_helper -INFO - Successfully Connected with the database
2025-07-31 01:05:15,012 - db_helper -INFO - Successfully Created Cursor
2025-07-31 01:05:15,013 - db_helper -INFO - Successful Fetching the data using date
2025-07-31 01:05:15,013 - db_helper -INFO - Successfully Closed the Cursor
2025-07-31 01:05:15,013 - db_helper -INFO - Successfully closed the connection with the database
2025-07-31 01:05:15,037 - db_helper -INFO - Successfully Connected with the database
2025-07-31 01:05:15,037 - db_helper -INFO - Successfully Created Cursor
2025-07-31 01:05:15,037 - db_helper -INFO - Successfully Closed the Cursor
2025-07-31 01:05:15,037 - db_helper -INFO - Successfully closed the connection with the database
2025-07-31 01:05:28,140 - db_helper -INFO - Started Fetching the data using date
2025-07-31 01:05:28,152 - db_helper -INFO - Successfully Connected with the database
2025-07-31 01:05:28,152 - db_helper -INFO - Successfully Created Cursor
2025-07-31 01:05:28,153 - db_helper -INFO - Successful Fetching the data using date
2025-07-31 01:05:28,153 - db_helper -INFO - Successfully Closed the Cursor
2025-07-31 01:05:28,153 - db_helper -INFO - Successfully closed the connection with the database
2025-07-31 01:05:28,174 - db_helper -INFO - Successfully Connected with the database
2025-07-31 01:05:28,174 - db_helper -INFO - Successfully Created Cursor
2025-07-31 01:05:28,174 - db_helper -INFO - Successfully Closed the Cursor
2025-07-31 01:05:28,175 - db_helper -INFO - Successfully closed the connection with the database
2025-07-31 01:05:49,501 - db_helper -INFO - Started Fetching the data using date
2025-07-31 01:05:49,512 - db_helper -INFO - Successfully Connected with the database
2025-07-31 01:05:49,512 - db_helper -INFO - Successfully Created Cursor
2025-07-31 01:05:49,514 - db_helper -INFO - Successful Fetching the data using date
2025-07-31 01:05:49,514 - db_helper -INFO - Successfully Closed the Cursor
2025-07-31 01:05:49,514 - db_helper -INFO - Successfully closed the connection with the database
2025-07-31 01:05:49,542 - db_helper -INFO - Successfully Connected with the database
2025-07-31 01:05:49,542 - db_helper -INFO - Successfully Created Cursor
2025-07-31 01:05:49,543 - db_helper -INFO - Successfully Closed the Cursor
2025-07-31 01:05:49,543 - db_helper -INFO - Successfully closed the connection with the database
2025-07-31 01:10:29,644 - db_helper -INFO - Started Fetching the data using date
2025-07-31 01:10:29,655 - db_helper -INFO - Successfully Connected with the database
2025-07-31 01:10:29,655 - db_helper -INFO - Successfully Created Cursor
2025-07-31 01:10:29,657 - db_helper -INFO - Successful Fetching the data using date
2025-07-31 01:10:29,657 - db_helper -INFO - Successfully Closed the Cursor
2025-07-31 01:10:29,657 - db_helper -INFO - Successfully closed the connection with the database
2025-07-31 01:10:29,675 - db_helper -INFO - Successfully Connected with the database
2025-07-31 01:10:29,675 - db_helper -INFO - Successfully Created Cursor
2025-07-31 01:10:29,676 - db_helper -INFO - Successfully Closed the Cursor
2025-07-31 01:10:29,676 - db_helper -INFO - Successfully closed the connection with the database
2025-07-31 01:27:50,287 - db_helper -INFO - Started Fetching the data using date
2025-07-31 01:27:50,324 - db_helper -INFO - Successfully Connected with the database
2025-07-31 01:27:50,324 - db_helper -INFO - Successfully Created Cursor
2025-07-31 01:27:50,325 - db_helper -INFO - Successful Fetching the data using date
2025-07-31 01:27:50,325 - db_helper -INFO - Successfully Closed the Cursor
2025-07-31 01:27:50,325 - db_helper -INFO - Successfully closed the connection with the database
2025-07-31 01:27:50,339 - db_helper -INFO - Successfully Connected with the database
2025-07-31 01:27:50,339 - db_helper -INFO - Successfully Created Cursor
2025-07-31 01:27:50,339 - db_helper -INFO - Successfully Closed the Cursor
2025-07-31 01:27:50,339 - db_helper -INFO - Successfully closed the connection with the database
2025-07-31 01:28:19,400 - db_helper -INFO - Started Fetching the data using date
2025-07-31 01:28:19,409 - db_helper -INFO - Successfully Connected with the database
2025-07-31 01:28:19,409 - db_helper -INFO - Successfully Created Cursor
2025-07-31 01:28:19,410 - db_helper -INFO - Successful Fetching the data using date
2025-07-31 01:28:19,410 - db_helper -INFO - Successfully Closed the Cursor
2025-07-31 01:28:19,410 - db_helper -INFO - Successfully closed the connection with the database
2025-07-31 01:28:19,429 - db_helper -INFO - Successfully Connected with the database
2025-07-31 01:28:19,429 - db_helper -INFO - Successfully Created Cursor
2025-07-31 01:28:19,430 - db_helper -INFO - Successfully Closed the Cursor
2025-07-31 01:28:19,430 - db_helper -INFO - Successfully closed the connection with the database
2025-07-31 01:28:25,312 - db_helper -INFO - Started Fetching the data using date
2025-07-31 01:28:25,320 - db_helper -INFO - Successfully Connected with the database
2025-07-31 01:28:25,321 - db_helper -INFO - Successfully Created Cursor
2025-07-31 01:28:25,322 - db_helper -INFO - Successful Fetching the data using date
2025-07-31 01:28:25,322 - db_helper -INFO - Successfully Closed the Cursor
2025-07-31 01:28:25,322 - db_helper -INFO - Successfully closed the connection with the database
2025-07-31 01:28:25,343 - db_helper -INFO - Fetching the data from the database between the dates
2025-07-31 01:28:25,350 - db_helper -INFO - Successfully Connected with the database
2025-07-31 01:28:25,350 - db_helper -INFO - Successfully Created Cursor
2025-07-31 01:28:25,351 - db_helper -INFO - Successfully Fetched the data from the database between the dates
2025-07-31 01:28:25,352 - db_helper -INFO - Successfully Closed the Cursor
2025-07-31 01:28:25,352 - db_helper -INFO - Successfully closed the connection with the database
2025-07-31 01:28:25,372 - db_helper -INFO - Successfully Connected with the database
2025-07-31 01:28:25,372 - db_helper -INFO - Successfully Created Cursor
2025-07-31 01:28:25,372 - db_helper -INFO - Successfully Closed the Cursor
2025-07-31 01:28:25,372 - db_helper -INFO - Successfully closed the connection with the database
2025-07-31 01:28:31,929 - db_helper -INFO - Started Fetching the data using date
2025-07-31 01:28:31,936 - db_helper -INFO - Successfully Connected with the database
2025-07-31 01:28:31,936 - db_helper -INFO - Successfully Created Cursor
2025-07-31 01:28:31,937 - db_helper -INFO - Successful Fetching the data using date
2025-07-31 01:28:31,937 - db_helper -INFO - Successfully Closed the Cursor
2025-07-31 01:28:31,937 - db_helper -INFO - Successfully closed the connection with the database
2025-07-31 01:28:31,957 - db_helper -INFO - Successfully Connected with the database
2025-07-31 01:28:31,957 - db_helper -INFO - Successfully Created Cursor
2025-07-31 01:28:31,958 - db_helper -INFO - Successfully Closed the Cursor
2025-07-31 01:28:31,958 - db_helper -INFO - Successfully closed the connection with the database
2025-07-31 01:28:34,185 - db_helper -INFO - Started Fetching the data using date
2025-07-31 01:28:34,192 - db_helper -INFO - Successfully Connected with the database
2025-07-31 01:28:34,192 - db_helper -INFO - Successfully Created Cursor
2025-07-31 01:28:34,193 - db_helper -INFO - Successful Fetching the data using date
2025-07-31 01:28:34,193 - db_helper -INFO - Successfully Closed the Cursor
2025-07-31 01:28:34,193 - db_helper -INFO - Successfully closed the connection with the database
2025-07-31 01:28:34,214 - db_helper -INFO - Successfully Connected with the database
2025-07-31 01:28:34,214 - db_helper -INFO - Successfully Created Cursor
2025-07-31 01:28:34,215 - db_helper -INFO - Successfully Closed the Cursor
2025-07-31 01:28:34,215 - db_helper -INFO - Successfully closed the connection with the database
2025-07-31 01:28:35,563 - db_helper -INFO - Started Fetching the data using date
2025-07-31 01:28:35,570 - db_helper -INFO - Successfully Connected with the database
2025-07-31 01:28:35,570 - db_helper -INFO - Successfully Created Cursor
2025-07-31 01:28:35,571 - db_helper -INFO - Successful Fetching the data using date
2025-07-31 01:28:35,571 - db_helper -INFO - Successfully Closed the Cursor
2025-07-31 01:28:35,571 - db_helper -INFO - Successfully closed the connection with the database
2025-07-31 01:28:35,588 - db_helper -INFO - Fetching the data from the database between the dates
2025-07-31 01:28:35,596 - db_helper -INFO - Successfully Connected with the database
2025-07-31 01:28:35,596 - db_helper -INFO - Successfully Created Cursor
2025-07-31 01:28:35,596 - db_helper -INFO - Successfully Fetched the data from the database between the dates
2025-07-31 01:28:35,597 - db_helper -INFO - Successfully Closed the Cursor
2025-07-31 01:28:35,597 - db_helper -INFO - Successfully closed the connection with the database
2025-07-31 01:28:35,620 - db_helper -INFO - Successfully Connected with the database
2025-07-31 01:28:35,620 - db_helper -INFO - Successfully Created Cursor
2025-07-31 01:28:35,622 - db_helper -INFO - Successfully Closed the Cursor
2025-07-31 01:28:35,622 - db_helper -INFO - Successfully closed the connection with the database
2025-07-31 01:29:08,802 - db_helper -INFO - Started Fetching the data using date
2025-07-31 01:29:08,815 - db_helper -INFO - Successfully Connected with the database
2025-07-31 01:29:08,815 - db_helper -INFO - Successfully Created Cursor
2025-07-31 01:29:08,817 - db_helper -INFO - Successful Fetching the data using date
2025-07-31 01:29:08,817 - db_helper -INFO - Successfully Closed the Cursor
2025-07-31 01:29:08,817 - db_helper -INFO - Successfully closed the connection with the database
2025-07-31 01:29:08,849 - db_helper -INFO - Successfully Connected with the database
2025-07-31 01:29:08,850 - db_helper -INFO - Successfully Created Cursor
2025-07-31 01:29:08,850 - db_helper -INFO - Successfully Closed the Cursor
2025-07-31 01:29:08,850 - db_helper -INFO - Successfully closed the connection with the database
2025-07-31 01:31:00,518 - db_helper -INFO - Started Fetching the data using date
2025-07-31 01:31:00,526 - db_helper -INFO - Successfully Connected with the database
2025-07-31 01:31:00,526 - db_helper -INFO - Successfully Created Cursor
2025-07-31 01:31:00,527 - db_helper -INFO - Successful Fetching the data using date
2025-07-31 01:31:00,527 - db_helper -INFO - Successfully Closed the Cursor
2025-07-31 01:31:00,527 - db_helper -INFO - Successfully closed the connection with the database
2025-07-31 01:31:00,552 - db_helper -INFO - Successfully Connected with the database
2025-07-31 01:31:00,553 - db_helper -INFO - Successfully Created Cursor
2025-07-31 01:31:00,554 - db_helper -INFO - Successfully Closed the Cursor
2025-07-31 01:31:00,554 - db_helper -INFO - Successfully closed the connection with the database
2025-07-31 01:31:16,964 - db_helper -INFO - Started Fetching the data using date
2025-07-31 01:31:16,972 - db_helper -INFO - Successfully Connected with the database
2025-07-31 01:31:16,973 - db_helper -INFO - Successfully Created Cursor
2025-07-31 01:31:16,974 - db_helper -INFO - Successful Fetching the data using date
2025-07-31 01:31:16,974 - db_helper -INFO - Successfully Closed the Cursor
2025-07-31 01:31:16,974 - db_helper -INFO - Successfully closed the connection with the database
2025-07-31 01:31:16,990 - db_helper -INFO - Fetching the data from the database between the dates
2025-07-31 01:31:17,001 - db_helper -INFO - Successfully Connected with the database
2025-07-31 01:31:17,001 - db_helper -INFO - Successfully Created Cursor
2025-07-31 01:31:17,002 - db_helper -INFO - Successfully Fetched the data from the database between the dates
2025-07-31 01:31:17,003 - db_helper -INFO - Successfully Closed the Cursor
2025-07-31 01:31:17,003 - db_helper -INFO - Successfully closed the connection with the database
2025-07-31 01:31:17,025 - db_helper -INFO - Successfully Connected with the database
2025-07-31 01:31:17,025 - db_helper -INFO - Successfully Created Cursor
2025-07-31 01:31:17,026 - db_helper -INFO - Successfully Closed the Cursor
2025-07-31 01:31:17,027 - db_helper -INFO - Successfully closed the connection with the database
2025-07-31 01:33:30,927 - db_helper -INFO - Started Fetching the data using date
2025-07-31 01:33:30,938 - db_helper -INFO - Successfully Connected with the database
2025-07-31 01:33:30,939 - db_helper -INFO - Successfully Created Cursor
2025-07-31 01:33:30,941 - db_helper -INFO - Successful Fetching the data using date
2025-07-31 01:33:30,942 - db_helper -INFO - Successfully Closed the Cursor
2025-07-31 01:33:30,942 - db_helper -INFO - Successfully closed the connection with the database
2025-07-31 01:33:30,970 - db_helper -INFO - Successfully Connected with the database
2025-07-31 01:33:30,970 - db_helper -INFO - Successfully Created Cursor
2025-07-31 01:33:30,971 - db_helper -INFO - Successfully Closed the Cursor
2025-07-31 01:33:30,971 - db_helper -INFO - Successfully closed the connection with the database
2025-07-31 01:33:32,615 - db_helper -INFO - Started Fetching the data using date
2025-07-31 01:33:32,623 - db_helper -INFO - Successfully Connected with the database
2025-07-31 01:33:32,623 - db_helper -INFO - Successfully Created Cursor
2025-07-31 01:33:32,624 - db_helper -INFO - Successful Fetching the data using date
2025-07-31 01:33:32,624 - db_helper -INFO - Successfully Closed the Cursor
2025-07-31 01:33:32,624 - db_helper -INFO - Successfully closed the connection with the database
2025-07-31 01:33:32,642 - db_helper -INFO - Fetching the data from the database between the dates
2025-07-31 01:33:32,652 - db_helper -INFO - Successfully Connected with the database
2025-07-31 01:33:32,652 - db_helper -INFO - Successfully Created Cursor
2025-07-31 01:33:32,653 - db_helper -INFO - Successfully Fetched the data from the database between the dates
2025-07-31 01:33:32,653 - db_helper -INFO - Successfully Closed the Cursor
2025-07-31 01:33:32,653 - db_helper -INFO - Successfully closed the connection with the database
2025-07-31 01:33:32,676 - db_helper -INFO - Successfully Connected with the database
2025-07-31 01:33:32,676 - db_helper -INFO - Successfully Created Cursor
2025-07-31 01:33:32,676 - db_helper -INFO - Successfully Closed the Cursor
2025-07-31 01:33:32,677 - db_helper -INFO - Successfully closed the connection with the database
2025-07-31 01:42:31,739 - db_helper -INFO - Started Fetching the data using date
2025-07-31 01:42:31,773 - db_helper -INFO - Successfully Connected with the database
2025-07-31 01:42:31,773 - db_helper -INFO - Successfully Created Cursor
2025-07-31 01:42:31,774 - db_helper -INFO - Successful Fetching the data using date
2025-07-31 01:42:31,774 - db_helper -INFO - Successfully Closed the Cursor
2025-07-31 01:42:31,774 - db_helper -INFO - Successfully closed the connection with the database
2025-07-31 01:42:31,787 - db_helper -INFO - Successfully Connected with the database
2025-07-31 01:42:31,787 - db_helper -INFO - Successfully Created Cursor
2025-07-31 01:42:31,788 - db_helper -INFO - Successfully Closed the Cursor
2025-07-31 01:42:31,788 - db_helper -INFO - Successfully closed the connection with the database
2025-07-31 01:42:49,492 - db_helper -INFO - Started Fetching the data using date
2025-07-31 01:42:49,500 - db_helper -INFO - Successfully Connected with the database
2025-07-31 01:42:49,501 - db_helper -INFO - Successfully Created Cursor
2025-07-31 01:42:49,502 - db_helper -INFO - Successful Fetching the data using date
2025-07-31 01:42:49,502 - db_helper -INFO - Successfully Closed the Cursor
2025-07-31 01:42:49,502 - db_helper -INFO - Successfully closed the connection with the database
2025-07-31 01:42:49,520 - db_helper -INFO - Deleting the data from the database with date
2025-07-31 01:42:49,525 - db_helper -INFO - Successfully Connected with the database
2025-07-31 01:42:49,525 - db_helper -INFO - Successfully Created Cursor
2025-07-31 01:42:49,526 - db_helper -INFO - Successfully Deleted the data from the database with date
2025-07-31 01:42:49,530 - db_helper -INFO - Successfully Closed the Cursor
2025-07-31 01:42:49,530 - db_helper -INFO - Successfully closed the connection with the database
2025-07-31 01:42:49,530 - db_helper -INFO - Started Inserting the data into the database
2025-07-31 01:42:49,534 - db_helper -INFO - Successfully Connected with the database
2025-07-31 01:42:49,535 - db_helper -INFO - Successfully Created Cursor
2025-07-31 01:42:49,536 - db_helper -INFO - Successful Inserted the data into the database
2025-07-31 01:42:49,536 - db_helper -INFO - Successfully Closed the Cursor
2025-07-31 01:42:49,536 - db_helper -INFO - Successfully closed the connection with the database
2025-07-31 01:42:49,536 - db_helper -INFO - Started Inserting the data into the database
2025-07-31 01:42:49,545 - db_helper -INFO - Successfully Connected with the database
2025-07-31 01:42:49,548 - db_helper -INFO - Successfully Created Cursor
2025-07-31 01:42:49,549 - db_helper -INFO - Successful Inserted the data into the database
2025-07-31 01:42:49,552 - db_helper -INFO - Successfully Closed the Cursor
2025-07-31 01:42:49,555 - db_helper -INFO - Successfully closed the connection with the database
2025-07-31 01:42:49,556 - db_helper -INFO - Started Inserting the data into the database
2025-07-31 01:42:49,566 - db_helper -INFO - Successfully Connected with the database
2025-07-31 01:42:49,567 - db_helper -INFO - Successfully Created Cursor
2025-07-31 01:42:49,567 - db_helper -INFO - Successful Inserted the data into the database
2025-07-31 01:42:49,568 - db_helper -INFO - Successfully Closed the Cursor
2025-07-31 01:42:49,568 - db_helper -INFO - Successfully closed the connection with the database
2025-07-31 01:42:49,568 - db_helper -INFO - Started Inserting the data into the database
2025-07-31 01:42:49,578 - db_helper -INFO - Successfully Connected with the database
2025-07-31 01:42:49,578 - db_helper -INFO - Successfully Created Cursor
2025-07-31 01:42:49,579 - db_helper -INFO - Successful Inserted the data into the database
2025-07-31 01:42:49,580 - db_helper -INFO - Successfully Closed the Cursor
2025-07-31 01:42:49,580 - db_helper -INFO - Successfully closed the connection with the database
2025-07-31 01:42:49,580 - db_helper -INFO - Started Inserting the data into the database
2025-07-31 01:42:49,589 - db_helper -INFO - Successfully Connected with the database
2025-07-31 01:42:49,589 - db_helper -INFO - Successfully Created Cursor
2025-07-31 01:42:49,590 - db_helper -INFO - Successful Inserted the data into the database
2025-07-31 01:42:49,590 - db_helper -INFO - Successfully Closed the Cursor
2025-07-31 01:42:49,591 - db_helper -INFO - Successfully closed the connection with the database
2025-07-31 01:42:49,606 - db_helper -INFO - Successfully Connected with the database
2025-07-31 01:42:49,606 - db_helper -INFO - Successfully Created Cursor
2025-07-31 01:42:49,607 - db_helper -INFO - Successfully Closed the Cursor
2025-07-31 01:42:49,607 - db_helper -INFO - Successfully closed the connection with the database
2025-07-31 01:43:13,295 - db_helper -INFO - Started Fetching the data using date
2025-07-31 01:43:13,302 - db_helper -INFO - Successfully Connected with the database
2025-07-31 01:43:13,302 - db_helper -INFO - Successfully Created Cursor
2025-07-31 01:43:13,303 - db_helper -INFO - Successful Fetching the data using date
2025-07-31 01:43:13,303 - db_helper -INFO - Successfully Closed the Cursor
2025-07-31 01:43:13,303 - db_helper -INFO - Successfully closed the connection with the database
2025-07-31 01:43:13,326 - db_helper -INFO - Successfully Connected with the database
2025-07-31 01:43:13,326 - db_helper -INFO - Successfully Created Cursor
2025-07-31 01:43:13,326 - db_helper -INFO - Successfully Closed the Cursor
2025-07-31 01:43:13,326 - db_helper -INFO - Successfully closed the connection with the database
2025-07-31 01:43:27,890 - db_helper -INFO - Started Fetching the data using date
2025-07-31 01:43:27,898 - db_helper -INFO - Successfully Connected with the database
2025-07-31 01:43:27,899 - db_helper -INFO - Successfully Created Cursor
2025-07-31 01:43:27,899 - db_helper -INFO - Successful Fetching the data using date
2025-07-31 01:43:27,899 - db_helper -INFO - Successfully Closed the Cursor
2025-07-31 01:43:27,900 - db_helper -INFO - Successfully closed the connection with the database
2025-07-31 01:43:27,918 - db_helper -INFO - Fetching the data from the database between the dates
2025-07-31 01:43:27,928 - db_helper -INFO - Successfully Connected with the database
2025-07-31 01:43:27,929 - db_helper -INFO - Successfully Created Cursor
2025-07-31 01:43:27,929 - db_helper -INFO - Successfully Fetched the data from the database between the dates
2025-07-31 01:43:27,929 - db_helper -INFO - Successfully Closed the Cursor
2025-07-31 01:43:27,929 - db_helper -INFO - Successfully closed the connection with the database
2025-07-31 01:43:27,955 - db_helper -INFO - Successfully Connected with the database
2025-07-31 01:43:27,955 - db_helper -INFO - Successfully Created Cursor
2025-07-31 01:43:27,955 - db_helper -INFO - Successfully Closed the Cursor
2025-07-31 01:43:27,956 - db_helper -INFO - Successfully closed the connection with the database
2025-07-31 10:47:34,427 - db_helper -INFO - Started Fetching the data using date
2025-07-31 10:47:34,440 - db_helper -INFO - Successfully Connected with the database
2025-07-31 10:47:34,440 - db_helper -INFO - Successfully Created Cursor
2025-07-31 10:47:34,441 - db_helper -INFO - Successful Fetching the data using date
2025-07-31 10:47:34,441 - db_helper -INFO - Successfully Closed the Cursor
2025-07-31 10:47:34,441 - db_helper -INFO - Successfully closed the connection with the database
2025-07-31 10:49:48,794 - db_helper -INFO - Started Fetching the data using date
2025-07-31 10:49:48,804 - db_helper -INFO - Successfully Connected with the database
2025-07-31 10:49:48,805 - db_helper -INFO - Successfully Created Cursor
2025-07-31 10:49:48,805 - db_helper -INFO - Successful Fetching the data using date
2025-07-31 10:49:48,805 - db_helper -INFO - Successfully Closed the Cursor
2025-07-31 10:49:48,805 - db_helper -INFO - Successfully closed the connection with the database
